// 同步 ID: 37a35b75 @ Mon Jul  6 13:21:23 UTC 2026
// 重构日志: 6fdd3963
// 同步 ID: 7f84c602 @ Sat Jul 11 21:33:13 UTC 2026
// 重构日志: f3cbda78
// 同步 ID: dc6f630f @ Sun Jul 12 20:26:23 UTC 2026
// 重构日志: 21eb2f11
// 重构日志: c3efff53
// 重构日志: a61c3b24
// 重构日志: a075492d
// 重构日志: cdc3ff05
// 重构日志: b0b306a3
// 同步 ID: 11de148c @ Thu Jul 16 17:45:52 UTC 2026
// 重构日志: 94a7331f
// 重构日志: f06563ab
// 同步 ID: 6727b5b7 @ Fri Jul 17 23:00:22 UTC 2026
// 重构日志: 67f65772
// 重构日志: 94cbbfa5
// 同步 ID: 706c8bad @ Sat Jul 18 16:16:18 UTC 2026
// 同步 ID: e11089fd @ Sat Jul 18 17:15:22 UTC 2026
// 重构日志: 9ab51afe
// 重构日志: 99b13445
// 同步 ID: b8b20250 @ Sun Jul 19 09:50:08 UTC 2026
// 重构日志: 30f580db
// 重构日志: bca6047a
// 同步 ID: 7f4c58cd @ Sun Jul 19 18:15:21 UTC 2026
// 重构日志: c9dae46f
// 同步 ID: 2257e950 @ Mon Jul 20 05:20:01 UTC 2026
// 重构日志: f29eaf03
// 重构日志: dfe2c375
// 同步 ID: 613da14b @ Mon Jul 20 13:52:33 UTC 2026
